[2019-10-03T13:47:18.195] [DEBUG] cheese - login => username:zc,password:123456
[2019-10-03T13:47:18.198] [DEBUG] cheese - zc
[2019-10-03T13:47:18.242] [DEBUG] cheese - null
[2019-10-03T13:47:18.243] [DEBUG] cheese - null
[2019-10-03T13:47:30.509] [DEBUG] cheese - login => username:admin,password:123456
[2019-10-03T13:47:30.510] [DEBUG] cheese - admin
[2019-10-03T13:47:30.519] [DEBUG] cheese - null
[2019-10-03T13:47:30.522] [DEBUG] cheese - null
[2019-10-04T16:23:34.659] [DEBUG] cheese - login => username:admin,password:123456
[2019-10-04T16:23:34.677] [DEBUG] cheese - admin
[2019-10-04T16:23:34.844] [DEBUG] cheese - null
[2019-10-04T16:23:34.847] [DEBUG] cheese - null
[2019-10-05T13:33:31.608] [DEBUG] cheese - login => username:admin,password:123456
[2019-10-05T13:33:31.625] [DEBUG] cheese - admin
[2019-10-05T13:33:31.764] [DEBUG] cheese - null
[2019-10-05T13:33:31.799] [DEBUG] cheese - null
[2019-10-05T13:39:51.887] [DEBUG] cheese - login => username:admin,password:123456
[2019-10-05T13:39:51.893] [DEBUG] cheese - admin
[2019-10-05T13:39:51.976] [DEBUG] cheese - null
[2019-10-05T13:39:51.976] [DEBUG] cheese - null
[2019-10-05T13:43:05.200] [DEBUG] cheese - login => username:admin,password:123456
[2019-10-05T13:43:05.203] [DEBUG] cheese - admin
[2019-10-05T13:43:05.254] [DEBUG] cheese - null
[2019-10-05T13:43:05.254] [DEBUG] cheese - null
[2019-10-05T13:43:33.344] [DEBUG] cheese - login => username:admin,password:123456
[2019-10-05T13:43:33.345] [DEBUG] cheese - admin
[2019-10-05T13:43:33.350] [DEBUG] cheese - null
[2019-10-05T13:43:33.350] [DEBUG] cheese - null
[2019-10-05T14:06:12.549] [DEBUG] cheese - login => username:admin,password:123456
[2019-10-05T14:06:12.551] [DEBUG] cheese - admin
[2019-10-05T14:06:12.674] [DEBUG] cheese - null
[2019-10-05T14:06:12.674] [DEBUG] cheese - null
[2019-10-05T14:11:27.110] [DEBUG] cheese - login => username:admin,password:123456
[2019-10-05T14:11:27.112] [DEBUG] cheese - admin
[2019-10-05T14:11:27.125] [DEBUG] cheese - null
[2019-10-05T14:11:27.127] [DEBUG] cheese - null
[2019-10-05T14:11:31.892] [DEBUG] cheese - login => username:admin,password:123456
[2019-10-05T14:11:31.893] [DEBUG] cheese - admin
[2019-10-05T14:11:31.907] [DEBUG] cheese - null
[2019-10-05T14:11:31.907] [DEBUG] cheese - null
[2019-10-05T14:11:43.426] [DEBUG] cheese - login => username:admin,password:123456
[2019-10-05T14:11:43.427] [DEBUG] cheese - admin
[2019-10-05T14:11:43.432] [DEBUG] cheese - null
[2019-10-05T14:11:43.432] [DEBUG] cheese - null
[2019-10-05T14:16:30.776] [DEBUG] cheese - login => username:admin,password:123456
[2019-10-05T14:16:30.779] [DEBUG] cheese - admin
[2019-10-05T14:16:30.808] [DEBUG] cheese - null
[2019-10-05T14:16:30.808] [DEBUG] cheese - null
[2019-10-05T15:13:43.781] [DEBUG] cheese - login => username:admin,password:123456
[2019-10-05T15:13:43.784] [DEBUG] cheese - admin
[2019-10-05T15:13:43.883] [DEBUG] cheese - null
[2019-10-05T15:13:43.883] [DEBUG] cheese - null
[2019-10-07T11:02:44.456] [DEBUG] cheese - login => username:admin,password:123456
[2019-10-07T11:02:44.460] [DEBUG] cheese - admin
[2019-10-07T11:02:44.491] [DEBUG] cheese - null
[2019-10-07T11:02:44.492] [DEBUG] cheese - null
[2019-10-07T14:07:22.350] [DEBUG] cheese - login => username:admin,password:123456
[2019-10-07T14:07:22.354] [DEBUG] cheese - admin
[2019-10-07T14:07:22.426] [DEBUG] cheese - null
[2019-10-07T14:07:22.427] [DEBUG] cheese - null
[2019-10-07T15:17:41.975] [DEBUG] cheese - login => username:admin,password:123456
[2019-10-07T15:17:41.978] [DEBUG] cheese - admin
[2019-10-07T15:17:42.025] [DEBUG] cheese - null
[2019-10-07T15:17:42.025] [DEBUG] cheese - null
[2019-10-07T15:25:08.804] [DEBUG] cheese - login => username:admin,password:123456
[2019-10-07T15:25:08.806] [DEBUG] cheese - admin
[2019-10-07T15:25:08.844] [DEBUG] cheese - null
[2019-10-07T15:25:08.845] [DEBUG] cheese - null
[2019-10-07T17:12:11.612] [DEBUG] cheese - login => username:admin,password:123456
[2019-10-07T17:12:11.613] [DEBUG] cheese - admin
[2019-10-07T17:12:11.688] [DEBUG] cheese - null
[2019-10-07T17:12:11.688] [DEBUG] cheese - null
[2019-10-07T17:15:14.589] [DEBUG] cheese - login => username:admin,password:123456
[2019-10-07T17:15:14.590] [DEBUG] cheese - admin
[2019-10-07T17:15:14.596] [DEBUG] cheese - null
[2019-10-07T17:15:14.596] [DEBUG] cheese - null
[2019-10-07T19:50:19.570] [DEBUG] cheese - login => username:admin,password:123456
[2019-10-07T19:50:19.575] [DEBUG] cheese - admin
[2019-10-07T19:50:19.610] [DEBUG] cheese - null
[2019-10-07T19:50:19.610] [DEBUG] cheese - null
[2019-10-07T19:50:56.469] [DEBUG] cheese - login => username:admin,password:123456
[2019-10-07T19:50:56.470] [DEBUG] cheese - admin
[2019-10-07T19:50:56.476] [DEBUG] cheese - null
[2019-10-07T19:50:56.476] [DEBUG] cheese - null
[2019-10-07T20:12:20.763] [DEBUG] cheese - login => username:admin,password:123456
[2019-10-07T20:12:20.765] [DEBUG] cheese - admin
[2019-10-07T20:12:20.775] [DEBUG] cheese - null
[2019-10-07T20:12:20.775] [DEBUG] cheese - null
[2019-10-07T20:27:09.920] [DEBUG] cheese - login => username:admin,password:123456
[2019-10-07T20:27:09.921] [DEBUG] cheese - admin
[2019-10-07T20:27:09.931] [DEBUG] cheese - null
[2019-10-07T20:27:09.931] [DEBUG] cheese - null
[2019-10-07T20:31:28.871] [DEBUG] cheese - login => username:admin,password:123456
[2019-10-07T20:31:28.872] [DEBUG] cheese - admin
[2019-10-07T20:31:28.875] [DEBUG] cheese - null
[2019-10-07T20:31:28.875] [DEBUG] cheese - null
[2019-10-07T20:57:34.386] [DEBUG] cheese - login => username:admin,password:123456
[2019-10-07T20:57:34.391] [DEBUG] cheese - admin
[2019-10-07T20:57:34.420] [DEBUG] cheese - null
[2019-10-07T20:57:34.421] [DEBUG] cheese - null
[2019-10-08T08:42:51.174] [DEBUG] cheese - login => username:admin,password:123456
[2019-10-08T08:42:51.176] [DEBUG] cheese - admin
[2019-10-08T08:42:51.201] [DEBUG] cheese - null
[2019-10-08T08:42:51.201] [DEBUG] cheese - null
[2019-10-08T09:51:30.388] [DEBUG] cheese - login => username:admin,password:123456
[2019-10-08T09:51:30.397] [DEBUG] cheese - admin
[2019-10-08T09:51:30.473] [DEBUG] cheese - null
[2019-10-08T09:51:30.474] [DEBUG] cheese - null
[2019-10-08T13:49:31.399] [DEBUG] cheese - login => username:admin,password:123456
[2019-10-08T13:49:31.402] [DEBUG] cheese - admin
[2019-10-08T13:49:31.502] [DEBUG] cheese - null
[2019-10-08T13:49:31.503] [DEBUG] cheese - null
[2019-10-08T13:50:00.129] [DEBUG] cheese - login => username:ai,password:123456
[2019-10-08T13:50:00.130] [DEBUG] cheese - ai
[2019-10-08T13:50:00.138] [DEBUG] cheese - null
[2019-10-08T13:50:00.139] [DEBUG] cheese - null
[2019-10-08T13:50:34.249] [DEBUG] cheese - login => username:admin,password:123456
[2019-10-08T13:50:34.250] [DEBUG] cheese - admin
[2019-10-08T13:50:34.255] [DEBUG] cheese - null
[2019-10-08T13:50:34.255] [DEBUG] cheese - null
[2019-10-08T18:28:23.762] [DEBUG] cheese - login => username:admin,password:123456
[2019-10-08T18:28:23.766] [DEBUG] cheese - admin
[2019-10-08T18:28:23.896] [DEBUG] cheese - null
[2019-10-08T18:28:23.896] [DEBUG] cheese - null
[2019-10-08T18:30:21.919] [DEBUG] cheese - login => username:admin,password:123456
[2019-10-08T18:30:21.919] [DEBUG] cheese - admin
[2019-10-08T18:30:21.924] [DEBUG] cheese - null
[2019-10-08T18:30:21.924] [DEBUG] cheese - null
[2019-10-08T18:31:31.242] [DEBUG] cheese - login => username:admin,password:123456
[2019-10-08T18:31:31.243] [DEBUG] cheese - admin
[2019-10-08T18:31:31.261] [DEBUG] cheese - null
[2019-10-08T18:31:31.261] [DEBUG] cheese - null
[2019-10-08T18:47:20.502] [DEBUG] cheese - login => username:admin,password:123456
[2019-10-08T18:47:20.506] [DEBUG] cheese - admin
[2019-10-08T18:47:20.546] [DEBUG] cheese - null
[2019-10-08T18:47:20.546] [DEBUG] cheese - null
[2019-10-09T11:11:52.069] [DEBUG] cheese - login => username:admin,password:123456
[2019-10-09T11:11:52.072] [DEBUG] cheese - admin
[2019-10-09T11:11:52.096] [DEBUG] cheese - null
[2019-10-09T11:11:52.097] [DEBUG] cheese - null
[2019-10-09T15:06:35.330] [DEBUG] cheese - login => username:admin,password:123456
[2019-10-09T15:06:35.339] [DEBUG] cheese - admin
[2019-10-09T15:06:35.351] [DEBUG] cheese - null
[2019-10-09T15:06:35.352] [DEBUG] cheese - null
[2019-10-09T18:56:16.393] [DEBUG] cheese - login => username:admin,password:123456
[2019-10-09T18:56:16.396] [DEBUG] cheese - admin
[2019-10-09T18:56:16.444] [DEBUG] cheese - null
[2019-10-09T18:56:16.445] [DEBUG] cheese - null
[2019-10-09T21:34:23.145] [DEBUG] cheese - null
[2019-10-09T21:40:13.553] [DEBUG] cheese - null
[2019-10-09T21:42:33.424] [DEBUG] cheese - null
[2019-10-09T21:43:58.869] [DEBUG] cheese - null
[2019-10-09T21:45:30.535] [DEBUG] cheese - null
[2019-10-09T21:46:59.294] [DEBUG] cheese - null
[2019-10-09T22:10:43.242] [DEBUG] cheese - login => username:admin,password:123456
[2019-10-09T22:10:43.244] [DEBUG] cheese - admin
[2019-10-09T22:10:43.276] [DEBUG] cheese - null
[2019-10-09T22:10:43.276] [DEBUG] cheese - null
[2019-10-10T09:04:44.288] [DEBUG] cheese - login => username:admin,password:123456
[2019-10-10T09:04:44.290] [DEBUG] cheese - admin
[2019-10-10T09:04:44.313] [DEBUG] cheese - null
[2019-10-10T09:04:44.313] [DEBUG] cheese - null
[2019-10-10T09:04:53.023] [DEBUG] cheese - login => username:admin,password:123456
[2019-10-10T09:04:53.023] [DEBUG] cheese - admin
[2019-10-10T09:04:53.028] [DEBUG] cheese - null
[2019-10-10T09:04:53.028] [DEBUG] cheese - null
[2019-10-10T09:31:27.688] [DEBUG] cheese - login => username:admin,password:123456
[2019-10-10T09:31:27.693] [DEBUG] cheese - admin
[2019-10-10T09:31:27.778] [DEBUG] cheese - null
[2019-10-10T09:31:27.779] [DEBUG] cheese - null
[2019-10-10T09:31:32.285] [DEBUG] cheese - login => username:123,password:123456
[2019-10-10T09:31:32.285] [DEBUG] cheese - 123
[2019-10-10T09:31:32.291] [DEBUG] cheese - null
[2019-10-10T09:31:32.291] [DEBUG] cheese - null
[2019-10-10T09:32:08.687] [DEBUG] cheese - login => username:admin,password:123456
[2019-10-10T09:32:08.687] [DEBUG] cheese - admin
[2019-10-10T09:32:08.693] [DEBUG] cheese - null
[2019-10-10T09:32:08.693] [DEBUG] cheese - null
[2019-10-10T09:32:18.924] [DEBUG] cheese - login => username:admi,password:123456
[2019-10-10T09:32:18.925] [DEBUG] cheese - admi
[2019-10-10T09:32:18.930] [DEBUG] cheese - null
[2019-10-10T09:32:18.930] [DEBUG] cheese - null
[2019-10-10T09:39:36.504] [DEBUG] cheese - login => username:admin,password:123456
[2019-10-10T09:39:36.516] [DEBUG] cheese - admin
[2019-10-10T09:39:36.544] [DEBUG] cheese - null
[2019-10-10T09:39:36.544] [DEBUG] cheese - null
[2019-10-10T09:44:25.410] [DEBUG] cheese - login => username:admin,password:123456
[2019-10-10T09:44:25.411] [DEBUG] cheese - admin
[2019-10-10T09:44:25.415] [DEBUG] cheese - null
[2019-10-10T09:44:25.416] [DEBUG] cheese - null
[2019-10-10T10:02:14.203] [DEBUG] cheese - login => username:admin,password:123456
[2019-10-10T10:02:14.209] [DEBUG] cheese - admin
[2019-10-10T10:02:14.273] [DEBUG] cheese - null
[2019-10-10T10:02:14.274] [DEBUG] cheese - null
[2019-10-10T10:15:18.516] [DEBUG] cheese - login => username:admin,password:123456
[2019-10-10T10:15:18.517] [DEBUG] cheese - admin
[2019-10-10T10:15:18.529] [DEBUG] cheese - null
[2019-10-10T10:15:18.529] [DEBUG] cheese - null
[2019-10-10T10:17:44.656] [DEBUG] cheese - login => username:admin,password:123456
[2019-10-10T10:17:44.661] [DEBUG] cheese - admin
[2019-10-10T10:17:44.722] [DEBUG] cheese - null
[2019-10-10T10:17:44.722] [DEBUG] cheese - null
[2019-10-10T10:18:01.276] [DEBUG] cheese - login => username:admin,password:123456
[2019-10-10T10:18:01.277] [DEBUG] cheese - admin
[2019-10-10T10:18:01.281] [DEBUG] cheese - null
[2019-10-10T10:18:01.282] [DEBUG] cheese - null
[2019-10-10T10:18:12.764] [DEBUG] cheese - login => username:admin,password:123456
[2019-10-10T10:18:12.766] [DEBUG] cheese - admin
[2019-10-10T10:18:12.774] [DEBUG] cheese - null
[2019-10-10T10:18:12.774] [DEBUG] cheese - null
[2019-10-10T10:27:04.359] [DEBUG] cheese - login => username:admin,password:123456
[2019-10-10T10:27:04.364] [DEBUG] cheese - admin
[2019-10-10T10:27:04.409] [DEBUG] cheese - null
[2019-10-10T10:27:04.409] [DEBUG] cheese - null
[2019-10-10T10:28:30.524] [DEBUG] cheese - login => username:admin,password:123456
[2019-10-10T10:28:30.524] [DEBUG] cheese - admin
[2019-10-10T10:28:30.579] [DEBUG] cheese - null
[2019-10-10T10:28:30.579] [DEBUG] cheese - null
[2019-10-10T10:34:18.586] [DEBUG] cheese - login => username:admin,password:123456
[2019-10-10T10:34:18.587] [DEBUG] cheese - admin
[2019-10-10T10:34:18.607] [DEBUG] cheese - null
[2019-10-10T10:34:18.607] [DEBUG] cheese - null
[2019-10-10T11:18:02.061] [DEBUG] cheese - login => username:admin,password:123456
[2019-10-10T11:18:02.066] [DEBUG] cheese - admin
[2019-10-10T11:18:02.150] [DEBUG] cheese - null
[2019-10-10T11:18:02.150] [DEBUG] cheese - null
[2019-10-10T11:19:43.481] [DEBUG] cheese - login => username:admin,password:123456
[2019-10-10T11:19:43.481] [DEBUG] cheese - admin
[2019-10-10T11:19:43.487] [DEBUG] cheese - null
[2019-10-10T11:19:43.488] [DEBUG] cheese - null
[2019-10-10T14:18:57.830] [DEBUG] cheese - login => username:admin,password:123456
[2019-10-10T14:18:57.838] [DEBUG] cheese - admin
[2019-10-10T14:18:57.942] [DEBUG] cheese - null
[2019-10-10T14:18:57.942] [DEBUG] cheese - null
[2019-10-10T14:19:33.625] [DEBUG] cheese - login => username:admin,password:123456
[2019-10-10T14:19:33.625] [DEBUG] cheese - admin
[2019-10-10T14:19:33.635] [DEBUG] cheese - null
[2019-10-10T14:19:33.635] [DEBUG] cheese - null
[2019-10-10T14:34:38.702] [DEBUG] cheese - login => username:admin,password:123456
[2019-10-10T14:34:38.705] [DEBUG] cheese - admin
[2019-10-10T14:34:38.744] [DEBUG] cheese - null
[2019-10-10T14:34:38.745] [DEBUG] cheese - null
[2019-10-10T14:36:25.339] [DEBUG] cheese - login => username:admin,password:123456
[2019-10-10T14:36:25.339] [DEBUG] cheese - admin
[2019-10-10T14:36:25.364] [DEBUG] cheese - null
[2019-10-10T14:36:25.364] [DEBUG] cheese - null
[2019-10-10T14:39:42.718] [DEBUG] cheese - login => username:admin,password:123456
[2019-10-10T14:39:42.719] [DEBUG] cheese - admin
[2019-10-10T14:39:42.726] [DEBUG] cheese - null
[2019-10-10T14:39:42.726] [DEBUG] cheese - null
[2019-10-10T15:15:41.041] [DEBUG] cheese - login => username:admin,password:123456
[2019-10-10T15:15:41.048] [DEBUG] cheese - admin
[2019-10-10T15:15:41.082] [DEBUG] cheese - null
[2019-10-10T15:15:41.082] [DEBUG] cheese - null
[2019-10-10T15:59:29.669] [DEBUG] cheese - login => username:admin,password:123456
[2019-10-10T15:59:29.673] [DEBUG] cheese - admin
[2019-10-10T15:59:29.705] [DEBUG] cheese - null
[2019-10-10T15:59:29.705] [DEBUG] cheese - null
[2019-10-10T18:56:46.168] [DEBUG] cheese - login => username:admin,password:123456
[2019-10-10T18:56:46.178] [DEBUG] cheese - admin
[2019-10-10T18:56:46.217] [DEBUG] cheese - null
[2019-10-10T18:56:46.218] [DEBUG] cheese - null
[2019-10-11T08:56:30.245] [DEBUG] cheese - login => username:admin,password:123456
[2019-10-11T08:56:30.247] [DEBUG] cheese - admin
[2019-10-11T08:56:30.271] [DEBUG] cheese - null
[2019-10-11T08:56:30.273] [DEBUG] cheese - null
[2019-10-11T15:06:05.165] [DEBUG] cheese - login => username:admin,password:123456
[2019-10-11T15:06:05.179] [DEBUG] cheese - admin
[2019-10-11T15:06:05.271] [DEBUG] cheese - null
[2019-10-11T15:06:05.272] [DEBUG] cheese - null
[2019-10-11T16:04:13.467] [DEBUG] cheese - login => username:admin,password:123456
[2019-10-11T16:04:13.469] [DEBUG] cheese - admin
[2019-10-11T16:04:13.479] [DEBUG] cheese - null
[2019-10-11T16:04:13.479] [DEBUG] cheese - null
[2019-10-11T16:07:48.952] [DEBUG] cheese - login => username:admin,password:123456
[2019-10-11T16:07:48.956] [DEBUG] cheese - admin
[2019-10-11T16:07:49.000] [DEBUG] cheese - null
[2019-10-11T16:07:49.001] [DEBUG] cheese - null
[2019-10-11T18:29:48.998] [DEBUG] cheese - login => username:admin,password:123456
[2019-10-11T18:29:49.016] [DEBUG] cheese - admin
[2019-10-11T18:29:49.095] [DEBUG] cheese - null
[2019-10-11T18:29:49.096] [DEBUG] cheese - null
[2019-10-11T22:54:53.230] [DEBUG] cheese - login => username:admin,password:123456
[2019-10-11T22:54:53.241] [DEBUG] cheese - admin
[2019-10-11T22:54:53.268] [DEBUG] cheese - null
[2019-10-11T22:54:53.269] [DEBUG] cheese - null
[2019-10-12T09:55:51.122] [DEBUG] cheese - login => username:admin,password:123456
[2019-10-12T09:55:51.124] [DEBUG] cheese - admin
[2019-10-12T09:55:51.140] [DEBUG] cheese - null
[2019-10-12T09:55:51.141] [DEBUG] cheese - null
[2019-10-12T12:19:55.586] [DEBUG] cheese - login => username:admin,password:123456
[2019-10-12T12:19:55.604] [DEBUG] cheese - admin
[2019-10-12T12:19:55.619] [DEBUG] cheese - null
[2019-10-12T12:19:55.620] [DEBUG] cheese - null
[2019-10-12T12:20:17.005] [DEBUG] cheese - login => username:admin,password:123456
[2019-10-12T12:20:17.005] [DEBUG] cheese - admin
[2019-10-12T12:20:17.008] [DEBUG] cheese - null
[2019-10-12T12:20:17.008] [DEBUG] cheese - null
[2019-10-12T12:20:35.210] [DEBUG] cheese - login => username:admin,password:123456
[2019-10-12T12:20:35.211] [DEBUG] cheese - admin
[2019-10-12T12:20:35.213] [DEBUG] cheese - null
[2019-10-12T12:20:35.213] [DEBUG] cheese - null
[2019-10-12T12:21:19.801] [DEBUG] cheese - login => username:admin,password:123456
[2019-10-12T12:21:19.801] [DEBUG] cheese - admin
[2019-10-12T12:21:19.808] [DEBUG] cheese - null
[2019-10-12T12:21:19.808] [DEBUG] cheese - null
[2019-10-12T13:02:25.783] [DEBUG] cheese - null
[2019-10-13T09:07:00.428] [DEBUG] cheese - login => username:admin,password:123456
[2019-10-13T09:07:00.431] [DEBUG] cheese - admin
[2019-10-13T09:07:00.452] [DEBUG] cheese - null
[2019-10-13T09:07:00.452] [DEBUG] cheese - null
[2019-10-13T13:49:22.015] [DEBUG] cheese - null
[2019-10-13T13:50:34.573] [DEBUG] cheese - null
[2019-10-13T13:50:40.055] [DEBUG] cheese - null
[2019-10-13T13:55:20.153] [DEBUG] cheese - null
[2019-10-13T13:55:26.212] [DEBUG] cheese - null
[2019-10-13T17:00:12.597] [DEBUG] cheese - login => username:admin,password:123456
[2019-10-13T17:00:12.610] [DEBUG] cheese - admin
[2019-10-13T17:00:12.948] [DEBUG] cheese - null
[2019-10-13T17:00:12.951] [DEBUG] cheese - null
[2019-10-13T17:19:56.198] [DEBUG] cheese - null
[2019-10-13T17:19:58.411] [DEBUG] cheese - null
[2019-10-13T17:20:01.291] [DEBUG] cheese - null
[2019-10-13T18:36:45.066] [DEBUG] cheese - login => username:admin,password:123456
[2019-10-13T18:36:45.073] [DEBUG] cheese - admin
[2019-10-13T18:36:45.092] [DEBUG] cheese - null
[2019-10-13T18:36:45.093] [DEBUG] cheese - null
[2019-10-13T22:07:33.802] [DEBUG] cheese - login => username:admin,password:123456
[2019-10-13T22:07:33.808] [DEBUG] cheese - admin
[2019-10-13T22:07:33.833] [DEBUG] cheese - null
[2019-10-13T22:07:33.834] [DEBUG] cheese - null
[2019-10-13T22:20:49.268] [DEBUG] cheese - login => username:admin,password:123456
[2019-10-13T22:20:49.278] [DEBUG] cheese - admin
[2019-10-13T22:20:49.328] [DEBUG] cheese - null
[2019-10-13T22:20:49.329] [DEBUG] cheese - null
[2019-10-14T08:49:36.407] [DEBUG] cheese - login => username:admin,password:123456
[2019-10-14T08:49:36.410] [DEBUG] cheese - admin
[2019-10-14T08:49:36.433] [DEBUG] cheese - null
[2019-10-14T08:49:36.434] [DEBUG] cheese - null
[2019-10-14T09:01:45.277] [DEBUG] cheese - login => username:admin,password:123456
[2019-10-14T09:01:45.280] [DEBUG] cheese - admin
[2019-10-14T09:01:45.352] [DEBUG] cheese - null
[2019-10-14T09:01:45.352] [DEBUG] cheese - null
[2019-10-14T18:33:24.249] [DEBUG] cheese - login => username:admin,password:123456
[2019-10-14T18:33:24.256] [DEBUG] cheese - admin
[2019-10-14T18:33:24.278] [DEBUG] cheese - null
[2019-10-14T18:33:24.279] [DEBUG] cheese - null
[2019-10-14T18:37:03.123] [DEBUG] cheese - login => username:admin,password:123456
[2019-10-14T18:37:03.130] [DEBUG] cheese - admin
[2019-10-14T18:37:03.136] [DEBUG] cheese - null
[2019-10-14T18:37:03.136] [DEBUG] cheese - null
[2019-10-14T18:43:06.636] [DEBUG] cheese - login => username:admin,password:123456
[2019-10-14T18:43:06.637] [DEBUG] cheese - admin
[2019-10-14T18:43:06.642] [DEBUG] cheese - null
[2019-10-14T18:43:06.642] [DEBUG] cheese - null
[2019-10-15T09:07:07.705] [DEBUG] cheese - login => username:admin,password:123456
[2019-10-15T09:07:07.709] [DEBUG] cheese - admin
[2019-10-15T09:07:07.786] [DEBUG] cheese - null
[2019-10-15T09:07:07.786] [DEBUG] cheese - null
[2019-10-15T15:02:02.737] [DEBUG] cheese - login => username:admin,password:123456
[2019-10-15T15:02:02.742] [DEBUG] cheese - admin
[2019-10-15T15:02:02.766] [DEBUG] cheese - null
[2019-10-15T15:02:02.768] [DEBUG] cheese - null
[2019-10-15T15:24:15.554] [DEBUG] cheese - null
[2019-10-15T15:54:34.764] [DEBUG] cheese - login => username:admin,password:123456
[2019-10-15T15:54:34.772] [DEBUG] cheese - admin
[2019-10-15T15:54:34.854] [DEBUG] cheese - null
[2019-10-15T15:54:34.855] [DEBUG] cheese - null
[2019-10-15T18:50:52.171] [DEBUG] cheese - login => username:admin,password:123456
[2019-10-15T18:50:52.182] [DEBUG] cheese - admin
[2019-10-15T18:50:52.222] [DEBUG] cheese - null
[2019-10-15T18:50:52.224] [DEBUG] cheese - null
[2019-10-16T08:54:51.347] [DEBUG] cheese - login => username:admin,password:123456
[2019-10-16T08:54:51.350] [DEBUG] cheese - admin
[2019-10-16T08:54:51.394] [DEBUG] cheese - null
[2019-10-16T08:54:51.395] [DEBUG] cheese - null
[2019-10-16T18:40:20.838] [DEBUG] cheese - login => username:admin,password:123456
[2019-10-16T18:40:20.847] [DEBUG] cheese - admin
[2019-10-16T18:40:20.941] [DEBUG] cheese - null
[2019-10-16T18:40:20.942] [DEBUG] cheese - null
[2019-10-16T18:51:28.201] [DEBUG] cheese - login => username:admin,password:123456
[2019-10-16T18:51:28.203] [DEBUG] cheese - admin
[2019-10-16T18:51:28.276] [DEBUG] cheese - null
[2019-10-16T18:51:28.276] [DEBUG] cheese - null
[2019-10-16T19:59:34.035] [DEBUG] cheese - login => username:admin,password:123456
[2019-10-16T19:59:34.052] [DEBUG] cheese - admin
[2019-10-16T19:59:34.155] [DEBUG] cheese - null
[2019-10-16T19:59:34.156] [DEBUG] cheese - null
[2019-10-16T22:17:06.538] [DEBUG] cheese - login => username:admin,password:123456
[2019-10-16T22:17:06.545] [DEBUG] cheese - admin
[2019-10-16T22:17:06.687] [DEBUG] cheese - null
[2019-10-16T22:17:06.688] [DEBUG] cheese - null
[2019-10-16T22:59:13.244] [DEBUG] cheese - login => username:admin,password:123456
[2019-10-16T22:59:13.254] [DEBUG] cheese - admin
[2019-10-16T22:59:13.359] [DEBUG] cheese - null
[2019-10-16T22:59:13.360] [DEBUG] cheese - null
[2019-10-16T23:15:00.188] [DEBUG] cheese - login => username:admin,password:123456
[2019-10-16T23:15:00.206] [DEBUG] cheese - admin
[2019-10-16T23:15:00.226] [DEBUG] cheese - null
[2019-10-16T23:15:00.228] [DEBUG] cheese - null
[2019-10-16T23:16:30.503] [DEBUG] cheese - login => username:admin,password:123456
[2019-10-16T23:16:30.503] [DEBUG] cheese - admin
[2019-10-16T23:16:30.553] [DEBUG] cheese - null
[2019-10-16T23:16:30.553] [DEBUG] cheese - null
[2019-10-16T23:34:03.407] [DEBUG] cheese - login => username:admin,password:123456
[2019-10-16T23:34:03.414] [DEBUG] cheese - admin
[2019-10-16T23:34:03.459] [DEBUG] cheese - null
[2019-10-16T23:34:03.459] [DEBUG] cheese - null
[2019-10-17T09:18:38.841] [DEBUG] cheese - login => username:admin,password:123456
[2019-10-17T09:18:38.844] [DEBUG] cheese - admin
[2019-10-17T09:18:38.904] [DEBUG] cheese - null
[2019-10-17T09:18:38.905] [DEBUG] cheese - null
[2019-10-17T14:54:51.538] [DEBUG] cheese - login => username:admin,password:123456
[2019-10-17T14:54:51.997] [DEBUG] cheese - admin
[2019-10-17T14:54:52.085] [DEBUG] cheese - null
[2019-10-17T14:54:52.088] [DEBUG] cheese - null
[2019-10-17T14:54:52.457] [DEBUG] cheese - login => username:admin,password:123456
[2019-10-17T14:54:52.457] [DEBUG] cheese - admin
[2019-10-17T14:54:52.482] [DEBUG] cheese - null
[2019-10-17T14:54:52.483] [DEBUG] cheese - null
[2019-10-17T14:54:56.362] [DEBUG] cheese - login => username:admin,password:123456
[2019-10-17T14:54:56.363] [DEBUG] cheese - admin
[2019-10-17T14:54:56.373] [DEBUG] cheese - null
[2019-10-17T14:54:56.373] [DEBUG] cheese - null
[2019-10-17T15:27:37.323] [DEBUG] cheese - null
[2019-10-17T15:28:49.247] [DEBUG] cheese - login => username:admin,password:123456
[2019-10-17T15:28:49.247] [DEBUG] cheese - admin
[2019-10-17T15:28:49.259] [DEBUG] cheese - null
[2019-10-17T15:28:49.259] [DEBUG] cheese - null
[2019-10-17T15:30:05.136] [DEBUG] cheese - null
